<?xml version="1.0" encoding="UTF-8"?>
<!-- Generated by org.testng.reporters.JUnitXMLReporter -->
<testsuite ignored="0" hostname="Anant" failures="1" tests="2" name="Test" time="11.727" errors="0" timestamp="2025-06-03T11:34:52 EDT">
  <testcase classname="testCases.TC001_AccountRegistrationTest" name="verify_account_registration" time="2.871"/>
  <testcase classname="testCases.TC002_LoginTest" name="verify_loggedin" time="1.401">
    <failure type="java.lang.AssertionError" message="Login failed expected [false] but found [true]">
      <![CDATA[java.lang.AssertionError: Login failed expected [false] but found [true]
at testCases.TC002_LoginTest.verify_loggedin(TC002_LoginTest.java:39)
at java.base/java.util.ArrayList.forEach(ArrayList.java:1604)
... Removed 35 stack frames]]>
    </failure>
  </testcase> <!-- verify_loggedin -->
</testsuite> <!-- Test -->
